<?xml version="1.0" encoding="UTF-8"?>
<robot generator="Robot 6.0.2 (Python 3.9.1 on win32)" generated="20250616 17:24:08.066" rpa="false" schemaversion="3">
<suite id="s1" name="Wait" source="C:\RobotFrameWork_UI\TestCases\wait.robot">
<test id="s1-t1" name="HomePage" line="10">
<kw name="Open Browser" library="SeleniumLibrary">
<arg>${url}</arg>
<arg>Chrome</arg>
<doc>Opens a new browser instance to the optional ``url``.</doc>
<msg timestamp="20250616 17:24:08.454" level="INFO">Opening browser 'Chrome' to base url 'https://www.saucedemo.com/'.</msg>
<status status="PASS" starttime="20250616 17:24:08.453" endtime="20250616 17:24:10.218"/>
</kw>
<kw name="Maximize Browser Window" library="SeleniumLibrary">
<doc>Maximizes current browser window.</doc>
<status status="PASS" starttime="20250616 17:24:10.221" endtime="20250616 17:24:10.743"/>
</kw>
<kw name="Input Text" library="SeleniumLibrary">
<arg>user-name</arg>
<arg>${userName}</arg>
<doc>Types the given ``text`` into the text field identified by ``locator``.</doc>
<msg timestamp="20250616 17:24:10.751" level="INFO">Typing text 'standard_user' into text field 'user-name'.</msg>
<status status="PASS" starttime="20250616 17:24:10.749" endtime="20250616 17:24:11.020"/>
</kw>
<kw name="Input Text" library="SeleniumLibrary">
<arg>password</arg>
<arg>${password}</arg>
<doc>Types the given ``text`` into the text field identified by ``locator``.</doc>
<msg timestamp="20250616 17:24:11.025" level="INFO">Typing text 'secret_sauce' into text field 'password'.</msg>
<status status="PASS" starttime="20250616 17:24:11.024" endtime="20250616 17:24:11.213"/>
</kw>
<status status="PASS" starttime="20250616 17:24:08.452" endtime="20250616 17:24:11.217"/>
</test>
<status status="PASS" starttime="20250616 17:24:08.069" endtime="20250616 17:24:11.221"/>
</suite>
<statistics>
<total>
<stat pass="1" fail="0" skip="0">All Tests</stat>
</total>
<tag>
</tag>
<suite>
<stat pass="1" fail="0" skip="0" id="s1" name="Wait">Wait</stat>
</suite>
</statistics>
<errors>
</errors>
</robot>
