<?xml version="1.0" encoding="UTF-8"?>
<robot generator="Robot 6.0.2 (Python 3.9.1 on win32)" generated="20250626 00:04:44.415" rpa="false" schemaversion="3">
<suite id="s1" name="closeBrowser" source="C:\RobotFrameWork_UI\TestCases\closeBrowser.robot">
<test id="s1-t1" name="myTest" line="6">
<kw name="Open Browser" library="SeleniumLibrary">
<arg>https://demowebshop.tricentis.com/register</arg>
<arg>Chrome</arg>
<doc>Opens a new browser instance to the optional ``url``.</doc>
<msg timestamp="20250626 00:04:45.151" level="INFO">Opening browser 'Chrome' to base url 'https://demowebshop.tricentis.com/register'.</msg>
<status status="PASS" starttime="20250626 00:04:45.146" endtime="20250626 00:04:48.943"/>
</kw>
<kw name="Maximize Browser Window" library="SeleniumLibrary">
<doc>Maximizes current browser window.</doc>
<status status="PASS" starttime="20250626 00:04:48.948" endtime="20250626 00:04:50.930"/>
</kw>
<kw name="Open Browser" library="SeleniumLibrary">
<arg>https://www.icicibank.com</arg>
<arg>Chrome</arg>
<doc>Opens a new browser instance to the optional ``url``.</doc>
<msg timestamp="20250626 00:04:50.933" level="INFO">Opening browser 'Chrome' to base url 'https://www.icicibank.com'.</msg>
<status status="PASS" starttime="20250626 00:04:50.932" endtime="20250626 00:04:57.776"/>
</kw>
<kw name="Maximize Browser Window" library="SeleniumLibrary">
<doc>Maximizes current browser window.</doc>
<status status="PASS" starttime="20250626 00:04:57.784" endtime="20250626 00:04:58.066"/>
</kw>
<kw name="Close Browser" library="SeleniumLibrary">
<doc>Closes the current browser.</doc>
<status status="PASS" starttime="20250626 00:04:58.077" endtime="20250626 00:05:00.972"/>
</kw>
<kw name="Sleep" library="BuiltIn">
<arg>2</arg>
<doc>Pauses the test executed for the given time.</doc>
<msg timestamp="20250626 00:05:02.980" level="INFO">Slept 2 seconds</msg>
<status status="PASS" starttime="20250626 00:05:00.972" endtime="20250626 00:05:02.980"/>
</kw>
<status status="PASS" starttime="20250626 00:04:45.145" endtime="20250626 00:05:02.983"/>
</test>
<status status="PASS" starttime="20250626 00:04:44.421" endtime="20250626 00:05:02.989"/>
</suite>
<statistics>
<total>
<stat pass="1" fail="0" skip="0">All Tests</stat>
</total>
<tag>
</tag>
<suite>
<stat pass="1" fail="0" skip="0" id="s1" name="closeBrowser">closeBrowser</stat>
</suite>
</statistics>
<errors>
</errors>
</robot>
