<?xml version="1.0" encoding="UTF-8"?>
<robot generator="Robot 3.2.2 (Python 3.9.1 on win32)" generated="20250616 07:06:32.720" rpa="false">
<suite id="s1" name="radioButtonAmazon" source="C:\RobotFrameWork_UI\TestCases\radioButtonAmazon.robot">
<test id="s1-t1" name="Home Page">
<kw name="Open Browser" library="SeleniumLibrary">
<doc>Opens a new browser instance to the optional ``url``.</doc>
<arguments>
<arg>${url}</arg>
<arg>Chrome</arg>
</arguments>
<msg timestamp="20250616 07:06:33.163" level="INFO">Opening browser 'Chrome' to base url 'https://amazon.in/'.</msg>
<status status="PASS" starttime="20250616 07:06:33.162" endtime="20250616 07:06:39.570"></status>
</kw>
<kw name="Maximize Browser Window" library="SeleniumLibrary">
<doc>Maximizes current browser window.</doc>
<status status="PASS" starttime="20250616 07:06:39.571" endtime="20250616 07:06:39.761"></status>
</kw>
<kw name="Input Text" library="SeleniumLibrary">
<doc>Types the given ``text`` into the text field identified by ``locator``.</doc>
<arguments>
<arg>//input[@type='text']</arg>
<arg>mobile</arg>
</arguments>
<msg timestamp="20250616 07:06:39.763" level="INFO">Typing text 'mobile' into text field '//input[@type='text']'.</msg>
<status status="PASS" starttime="20250616 07:06:39.762" endtime="20250616 07:06:40.330"></status>
</kw>
<kw name="Click Button" library="SeleniumLibrary">
<doc>Clicks the button identified by ``locator``.</doc>
<arguments>
<arg>//input[contains(@id,'submit-button')]</arg>
</arguments>
<msg timestamp="20250616 07:06:40.332" level="INFO">Clicking button '//input[contains(@id,'submit-button')]'.</msg>
<status status="PASS" starttime="20250616 07:06:40.331" endtime="20250616 07:06:43.593"></status>
</kw>
<kw name="Get WebElement" library="SeleniumLibrary">
<doc>Returns the first WebElement matching the given ``locator``.</doc>
<arguments>
<arg>//input[@type='checkbox']</arg>
</arguments>
<assign>
<var>${listOfCheckBox}</var>
</assign>
<msg timestamp="20250616 07:06:43.678" level="INFO">${listOfCheckBox} = &lt;selenium.webdriver.remote.webelement.WebElement (session="193de82d91710ae722911d11b04fab39", element="f.B2779A0B0220D756EE8EEB89700B264D.d.5C3B208964B631964493E3A85F71E0F6.e.131")&gt;</msg>
<status status="PASS" starttime="20250616 07:06:43.594" endtime="20250616 07:06:43.678"></status>
</kw>
<kw name="Sleep" library="BuiltIn">
<doc>Pauses the test executed for the given time.</doc>
<arguments>
<arg>5</arg>
</arguments>
<msg timestamp="20250616 07:06:48.684" level="INFO">Slept 5 seconds</msg>
<status status="PASS" starttime="20250616 07:06:43.678" endtime="20250616 07:06:48.685"></status>
</kw>
<status status="PASS" starttime="20250616 07:06:33.161" endtime="20250616 07:06:48.685" critical="yes"></status>
</test>
<status status="PASS" starttime="20250616 07:06:32.726" endtime="20250616 07:06:48.688"></status>
</suite>
<statistics>
<total>
<stat pass="1" fail="0">Critical Tests</stat>
<stat pass="1" fail="0">All Tests</stat>
</total>
<tag>
</tag>
<suite>
<stat pass="1" fail="0" id="s1" name="radioButtonAmazon">radioButtonAmazon</stat>
</suite>
</statistics>
<errors>
</errors>
</robot>
