<?xml version="1.0" encoding="UTF-8"?>
<robot generator="Robot 3.2.2 (Python 3.9.1 on win32)" generated="20250616 07:01:57.537" rpa="false">
<suite id="s1" name="radioButtonAmazon" source="C:\RobotFrameWork_UI\TestCases\radioButtonAmazon.robot">
<test id="s1-t1" name="Home Page">
<kw name="Open Browser" library="SeleniumLibrary">
<doc>Opens a new browser instance to the optional ``url``.</doc>
<arguments>
<arg>${url}</arg>
<arg>Chrome</arg>
</arguments>
<msg timestamp="20250616 07:01:58.978" level="INFO">Opening browser 'Chrome' to base url 'https://amazon.in/'.</msg>
<status status="PASS" starttime="20250616 07:01:58.977" endtime="20250616 07:02:05.768"></status>
</kw>
<kw name="Maximize Browser Window" library="SeleniumLibrary">
<doc>Maximizes current browser window.</doc>
<status status="PASS" starttime="20250616 07:02:05.772" endtime="20250616 07:02:06.312"></status>
</kw>
<kw name="Input Text" library="SeleniumLibrary">
<doc>Types the given ``text`` into the text field identified by ``locator``.</doc>
<arguments>
<arg>//input[@type='text']</arg>
<arg>mobile</arg>
</arguments>
<msg timestamp="20250616 07:02:06.313" level="INFO">Typing text 'mobile' into text field '//input[@type='text']'.</msg>
<status status="PASS" starttime="20250616 07:02:06.313" endtime="20250616 07:02:07.416"></status>
</kw>
<kw name="Click Button" library="SeleniumLibrary">
<doc>Clicks the button identified by ``locator``.</doc>
<arguments>
<arg>//input[contains(@id,'submit-button')]</arg>
</arguments>
<msg timestamp="20250616 07:02:07.417" level="INFO">Clicking button '//input[contains(@id,'submit-button')]'.</msg>
<status status="PASS" starttime="20250616 07:02:07.416" endtime="20250616 07:02:11.021"></status>
</kw>
<kw name="Sleep" library="BuiltIn">
<doc>Pauses the test executed for the given time.</doc>
<arguments>
<arg>5</arg>
</arguments>
<msg timestamp="20250616 07:02:16.037" level="INFO">Slept 5 seconds</msg>
<status status="PASS" starttime="20250616 07:02:11.022" endtime="20250616 07:02:16.038"></status>
</kw>
<status status="PASS" starttime="20250616 07:01:58.975" endtime="20250616 07:02:16.039" critical="yes"></status>
</test>
<status status="PASS" starttime="20250616 07:01:57.547" endtime="20250616 07:02:16.042"></status>
</suite>
<statistics>
<total>
<stat pass="1" fail="0">Critical Tests</stat>
<stat pass="1" fail="0">All Tests</stat>
</total>
<tag>
</tag>
<suite>
<stat pass="1" fail="0" id="s1" name="radioButtonAmazon">radioButtonAmazon</stat>
</suite>
</statistics>
<errors>
</errors>
</robot>
onIdException: Message: invalid session id: session deleted as the browser has closed the connection
from disconnected: not connected to DevTools
  (Session info: chrome=137.0.7151.104)
</msg>
</errors>
</robot>
